<?xml version="1.0" encoding="UTF-8"?>
<!-- Generated by org.testng.reporters.JUnitReportReporter -->
<testsuite hostname="DESKTOP-BEPA8F0" failures="0" tests="7" name="Extra.CustModul" time="0.032" errors="0" timestamp="2022-08-23T13:35:02 IST" skipped="0">
  <testcase classname="Extra.CustModul" name="deleteCustomer" time="0.004"/>
  <system-out>
    <![CDATA[delete customer]]>
  </system-out>
  <testcase classname="Extra.CustModul" name="registerCustomer" time="0.002"/>
  <system-out>
    <![CDATA[register customer]]>
  </system-out>
  <testcase classname="Extra.CustModul" name="editCustomer" time="0.006"/>
  <system-out>
    <![CDATA[edit customer]]>
  </system-out>
  <testcase classname="Extra.CustModul" name="editCustomer" time="0.004"/>
  <system-out>
    <![CDATA[edit customer]]>
  </system-out>
  <testcase classname="Extra.CustModul" name="editCustomer" time="0.006"/>
  <system-out>
    <![CDATA[edit customer]]>
  </system-out>
  <testcase classname="Extra.CustModul" name="editCustomer" time="0.006"/>
  <system-out>
    <![CDATA[edit customer]]>
  </system-out>
  <testcase classname="Extra.CustModul" name="editCustomer" time="0.004"/>
  <system-out>
    <![CDATA[edit customer]]>
  </system-out>
</testsuite> <!-- Extra.CustModul -->
