<?xml version="1.0" encoding="UTF-8"?>
<!-- Generated by org.testng.reporters.JUnitReportReporter -->
<testsuite hostname="DESKTOP-BEPA8F0" failures="0" tests="3" name="com.actitime.testscript.BaseClass" time="0.019" errors="0" timestamp="2022-08-17T11:09:39 IST" skipped="0">
  <testcase classname="com.actitime.testscript.BaseClass" name="logout" time="0.003"/>
  <system-out>
    <![CDATA[logout]]>
  </system-out>
  <testcase classname="com.actitime.testscript.BaseClass" name="login" time="0.014"/>
  <system-out>
    <![CDATA[login]]>
  </system-out>
  <testcase classname="com.actitime.testscript.BaseClass" name="openBrowser" time="0.002"/>
  <system-out>
    <![CDATA[open browser]]>
  </system-out>
</testsuite> <!-- com.actitime.testscript.BaseClass -->
