<?xml version="1.0" encoding="UTF-8"?>
<!-- Generated by org.testng.reporters.JUnitReportReporter -->
<testsuite hostname="DESKTOP-BEPA8F0" failures="0" tests="3" name="batchTest.SignUpTest" time="0.005" errors="0" timestamp="2022-08-23T13:35:02 IST" skipped="0">
  <testcase classname="batchTest.SignUpTest" name="signUpByFacebook" time="0.002"/>
  <system-out>
    <![CDATA[sign up by facebook]]>
  </system-out>
  <testcase classname="batchTest.SignUpTest" name="signUpByEmail" time="0.001"/>
  <system-out>
    <![CDATA[sign up by email]]>
  </system-out>
  <testcase classname="batchTest.SignUpTest" name="signUpByTwitter" time="0.002"/>
  <system-out>
    <![CDATA[signup by twitter]]>
  </system-out>
</testsuite> <!-- batchTest.SignUpTest -->
