<?xml version="1.0" encoding="UTF-8"?>
<!-- Generated by org.testng.reporters.JUnitReportReporter -->
<testsuite hostname="DESKTOP-BEPA8F0" failures="0" tests="3" name="com.actitime.testscript.TaskModule" time="0.036" errors="0" timestamp="2022-09-06T20:42:20 IST" skipped="0">
  <testcase classname="com.actitime.testscript.TaskModule" name="createTask" time="0.027"/>
  <system-out>
    <![CDATA[create task]]>
  </system-out>
  <testcase classname="com.actitime.testscript.TaskModule" name="modifyTask" time="0.004"/>
  <system-out>
    <![CDATA[modify task]]>
  </system-out>
  <testcase classname="com.actitime.testscript.TaskModule" name="deleteTask" time="0.005"/>
  <system-out>
    <![CDATA[delete task]]>
  </system-out>
</testsuite> <!-- com.actitime.testscript.TaskModule -->
