<?xml version="1.0" encoding="UTF-8"?>
<!-- Generated by org.testng.reporters.JUnitReportReporter -->
<testsuite hostname="DESKTOP-BEPA8F0" failures="0" tests="1" name="com.actitime.testscript.DemoTestNG" time="0.005" errors="0" timestamp="2022-08-23T13:50:16 IST" skipped="0">
  <testcase classname="com.actitime.testscript.DemoTestNG" name="demoTest" time="0.005"/>
  <system-out>
    <![CDATA[welcome to testing
bye]]>
  </system-out>
</testsuite> <!-- com.actitime.testscript.DemoTestNG -->
