<?xml version="1.0" encoding="UTF-8"?>
<!-- Generated by org.testng.reporters.JUnitReportReporter -->
<testsuite hostname="DESKTOP-BEPA8F0" failures="0" tests="1" name="Extra.AssertEx" time="7.842" errors="0" timestamp="2022-08-23T21:14:20 IST" skipped="0">
  <testcase classname="Extra.AssertEx" name="demoAssert" time="7.842"/>
  <system-out/>
</testsuite> <!-- Extra.AssertEx -->
