<?xml version="1.0" encoding="UTF-8"?>
<!-- Generated by org.testng.reporters.JUnitReportReporter -->
<testsuite hostname="DESKTOP-BEPA8F0" failures="0" tests="2" name="batchTest.PaymentTest" time="0.004" errors="0" timestamp="2022-08-23T13:35:02 IST" skipped="0">
  <testcase classname="batchTest.PaymentTest" name="paymentInDollar" time="0.002"/>
  <system-out>
    <![CDATA[payment dollar]]>
  </system-out>
  <testcase classname="batchTest.PaymentTest" name="paymentInRupees" time="0.002"/>
  <system-out>
    <![CDATA[payment rupees]]>
  </system-out>
</testsuite> <!-- batchTest.PaymentTest -->
