<?xml version="1.0" encoding="UTF-8"?>
<!-- Generated by org.testng.reporters.JUnitReportReporter -->
<testsuite hostname="DESKTOP-BEPA8F0" failures="0" tests="3" name="com.actitime.testscript.CustomerModule" time="0.005" errors="0" timestamp="2022-09-06T20:42:20 IST" skipped="0">
  <testcase classname="com.actitime.testscript.CustomerModule" name="deleteCustomer" time="0.002"/>
  <system-out>
    <![CDATA[delete customer]]>
  </system-out>
  <testcase classname="com.actitime.testscript.CustomerModule" name="modifyCustomer" time="0.002"/>
  <system-out>
    <![CDATA[modify customer]]>
  </system-out>
  <testcase classname="com.actitime.testscript.CustomerModule" name="createCustomer" time="0.001"/>
  <system-out>
    <![CDATA[create customer]]>
  </system-out>
</testsuite> <!-- com.actitime.testscript.CustomerModule -->
