<?xml version="1.0" encoding="UTF-8"?>
<!-- Generated by org.testng.reporters.JUnitReportReporter -->
<testsuite hostname="DESKTOP-BEPA8F0" failures="0" tests="3" name="com.actitime.testscript.UserModule" time="0.024" errors="0" timestamp="2022-09-06T20:42:20 IST" skipped="0">
  <testcase classname="com.actitime.testscript.UserModule" name="modifyUser" time="0.004"/>
  <system-out>
    <![CDATA[modify user]]>
  </system-out>
  <testcase classname="com.actitime.testscript.UserModule" name="createUser" time="0.012"/>
  <system-out>
    <![CDATA[create user]]>
  </system-out>
  <testcase classname="com.actitime.testscript.UserModule" name="deleteUser" time="0.008"/>
  <system-out>
    <![CDATA[delete user]]>
  </system-out>
</testsuite> <!-- com.actitime.testscript.UserModule -->
