<?xml version="1.0" encoding="UTF-8"?>
<!-- Generated by org.testng.reporters.JUnitReportReporter -->
<testsuite hostname="DESKTOP-BEPA8F0" failures="0" tests="3" name="batchTest.LoginTest" time="0.005" errors="0" timestamp="2022-08-23T13:35:02 IST" skipped="0">
  <testcase classname="batchTest.LoginTest" name="loginByTwitter" time="0.002"/>
  <system-out>
    <![CDATA[this is login by twitter]]>
  </system-out>
  <testcase classname="batchTest.LoginTest" name="loginByEmail" time="0.002"/>
  <system-out>
    <![CDATA[this is log in by email]]>
  </system-out>
  <testcase classname="batchTest.LoginTest" name="loginByFacebook" time="0.001"/>
  <system-out>
    <![CDATA[this is login by facebook]]>
  </system-out>
</testsuite> <!-- batchTest.LoginTest -->
