<?xml version="1.0" encoding="UTF-8"?>
<!-- Generated by org.testng.reporters.JUnitReportReporter -->
<testsuite hostname="DESKTOP-BEPA8F0" failures="0" tests="1" name="batchTest.PaymentReturns" time="0.006" errors="0" timestamp="2022-08-23T13:35:02 IST" skipped="0">
  <testcase classname="batchTest.PaymentReturns" name="paymentReturnByBank" time="0.006"/>
  <system-out>
    <![CDATA[payment return by bank]]>
  </system-out>
</testsuite> <!-- batchTest.PaymentReturns -->
