<?xml version="1.0" encoding="UTF-8"?>
<!-- Generated by org.testng.reporters.JUnitReportReporter -->
<testsuite hostname="DESKTOP-BEPA8F0" failures="0" tests="1" name="Extra.Sample" time="5.560" errors="0" timestamp="2022-08-20T15:17:50 IST" skipped="0">
  <testcase classname="Extra.Sample" name="testGoogle" time="5.560"/>
  <system-out/>
</testsuite> <!-- Extra.Sample -->
