<?xml version="1.0" encoding="UTF-8"?>
<!-- Generated by org.testng.reporters.JUnitReportReporter -->
<testsuite hostname="DESKTOP-BEPA8F0" failures="0" tests="3" name="com.actitime.testscript.ProjectModule" time="0.007" errors="0" timestamp="2022-09-06T20:42:20 IST" skipped="0">
  <testcase classname="com.actitime.testscript.ProjectModule" name="deleteProject" time="0.002"/>
  <system-out>
    <![CDATA[delete project]]>
  </system-out>
  <testcase classname="com.actitime.testscript.ProjectModule" name="createProject" time="0.001"/>
  <system-out>
    <![CDATA[create project]]>
  </system-out>
  <testcase classname="com.actitime.testscript.ProjectModule" name="modifyProject" time="0.004"/>
  <system-out>
    <![CDATA[modify project]]>
  </system-out>
</testsuite> <!-- com.actitime.testscript.ProjectModule -->
